Turbo Assembler	 Version 2.0	    03/27/19 10:15:13	    Page 1
pract3b.ASM



      1				     ;;;;;;;;;;;;;;;;;;;;;;;;;;;;;;;;;;;;;;;;;;;;;;;;;;;;;;;;;;;;;
      2				     ;			     SBM 2016. Practica	3 - Apartado b				     ;
      3				     ;	 Pareja	7 - Miguel Manzano y Juan Martin				     ;
      4				     ;;;;;;;;;;;;;;;;;;;;;;;;;;;;;;;;;;;;;;;;;;;;;;;;;;;;;;;;;;;;;
      5
      6	0000			     _TEXT SEGMENT BYTE	PUBLIC 'CODE'		     ;;	Definición del	segmento de código
      7				     ASSUME CS:_TEXT
      8
      9
     10				     PUBLIC _createBarCode					     ;;	Hacer visible y	accesible la+
     11				     función desde C
     12	0000			     _createBarCode PROC FAR					     ;;	En C es	int unsigned long   +
     13				     int factorial(unsigned int	n)
     14
     15	0000  55		     PUSH BP							     ;;	Salvaguardar BP	en la pila  +
     16				     para poder	modificarle sin	modificar su valor
     17	0001  8B EC			     MOV BP, SP							     ;;	Igualar	BP el	    +
     18				     contenido de SP
     19	0003  8B 46 06			     MOV AX, [BP + 6]					     ;;	Lectura	parámetro pasado   +
     20				     como valor	a esta funcion
     21
     22
     23	0006  5D			     POP BP						     ;;	Restaurar el valor de BP    +
     24				     antes de salir
     25	0007  CB			     RET							     ;;	Retorno	de la	    +
     26				     función que nos ha llamado, devolviendo el resultado del factorial en AX
     27
     28
     29
     30	0008			     _createBarCode ENDP						     ;;	Termina	la funcion  +
     31				     factorial
     32	0008			     _TEXT ENDS
     33				     END
Turbo Assembler	 Version 2.0	    03/27/19 10:15:13	    Page 2
Symbol Table




Symbol Name			  Type	 Value

??date				  Text	 "03/27/19"
??filename			  Text	 "pract3b "
??time				  Text	 "10:15:13"
??version			  Number 0200
@Cpu				  Text	 0101H
@FileName			  Text	 pract3b
@WordSize			  Text	 2
@curseg				  Text	 _TEXT
_createBarCode			  Far	 _TEXT:0000

Groups & Segments		  Bit Size Align  Combine Class

_TEXT				  16  0008 Byte	  Public  CODE
